<?xml version="1.0" encoding="UTF-8"?>
<!-- Generated by org.testng.reporters.JUnitReportReporter -->
<testsuite hostname="Ramesh" failures="0" tests="1" name="com.googleApp.test.TestClass" time="8.526" errors="0" timestamp="2025-01-01T23:16:56 IST" skipped="0">
  <testcase classname="com.googleApp.test.TestClass" name="testCase1" time="8.526"/>
  <system-out/>
</testsuite> <!-- com.googleApp.test.TestClass -->
