<?xml version="1.0" encoding="UTF-8"?>
<!-- Generated by org.testng.reporters.JUnitReportReporter -->
<testsuite hostname="Ramesh" failures="0" tests="1" name="com.googleApp.test.TestClass" time="12.098" errors="0" timestamp="2025-01-04T22:01:14 IST" skipped="0">
  <testcase classname="com.googleApp.test.TestClass" name="testCase2" time="12.098"/>
</testsuite> <!-- com.googleApp.test.TestClass -->
