<?xml version="1.0" encoding="UTF-8"?>
<!-- Generated by org.testng.reporters.JUnitReportReporter -->
<testsuite hostname="Ramesh" failures="0" tests="1" name="com.googleApp.test.TestClass" time="15.194" errors="0" timestamp="2025-01-06T00:21:24 IST" skipped="0">
  <testcase classname="com.googleApp.test.TestClass" name="testCase2" time="15.194"/>
</testsuite> <!-- com.googleApp.test.TestClass -->
