<?xml version="1.0" encoding="UTF-8"?>
<!-- Generated by org.testng.reporters.JUnitReportReporter -->
<testsuite hostname="Ramesh" failures="0" tests="3" name="com.googleApp.test.TestClass" time="30.259" errors="0" timestamp="2025-01-06T23:17:06 IST" skipped="0">
  <testcase classname="com.googleApp.test.TestClass" name="testCase1" time="7.207"/>
  <testcase classname="com.googleApp.test.TestClass" name="testCase2" time="11.585"/>
  <testcase classname="com.googleApp.test.TestClass" name="testCase3" time="11.467"/>
</testsuite> <!-- com.googleApp.test.TestClass -->
